<?xml version="1.0" encoding="UTF-8"?>
<!-- Generated by org.testng.reporters.JUnitReportReporter -->
<testsuite hostname="DESKTOP-NT8HHG9" name="org.mma.training.selenium.NewTest" tests="1" failures="0" timestamp="29 Jun 2019 16:05:51 GMT" time="3.353" errors="0">
  <testcase name="testGooglePageTitleInIEBrowser" time="3.353" classname="org.mma.training.selenium.NewTest"/>
</testsuite> <!-- org.mma.training.selenium.NewTest -->
